<?xml version="1.0" encoding="UTF-8"?>
<!-- Generated by org.testng.reporters.JUnitReportReporter -->
<testsuite hostname="LAPTOP-GI1HCQF6" failures="0" tests="2" name="TestNGTutorial.Testcase1" time="0.008" errors="0" timestamp="2021-11-09T19:49:17 EST" skipped="0">
  <testcase classname="TestNGTutorial.Testcase1" name="Demo" time="0.007"/>
  <system-out/>
  <testcase classname="TestNGTutorial.Testcase1" name="Demo1" time="0.001"/>
  <system-out/>
</testsuite> <!-- TestNGTutorial.Testcase1 -->
