<?xml version="1.0" encoding="UTF-8"?>
<!-- Generated by org.testng.reporters.JUnitReportReporter -->
<testsuite hostname="LAPTOP-GI1HCQF6" failures="0" tests="2" name="TestNGTutorial.Testcase2" time="13.988" errors="0" timestamp="2021-11-09T19:50:49 EST" skipped="0">
  <testcase classname="TestNGTutorial.Testcase2" name="Test1" time="13.977"/>
  <system-out/>
  <testcase classname="TestNGTutorial.Testcase2" name="Demo1" time="0.011"/>
  <system-out/>
</testsuite> <!-- TestNGTutorial.Testcase2 -->
